<?xml version="1.0" encoding="UTF-8"?>
<!-- Generated by org.testng.reporters.JUnitReportReporter -->
<testsuite skipped="0" hostname="MacBook-Pro" name="com.qa.yatra.tests.SelectBusPageTest" tests="1" failures="0" timestamp="04 Feb 2021 21:58:42 GMT" time="1.078" errors="0">
  <testcase name="selectBus" time="1.078" classname="com.qa.yatra.tests.SelectBusPageTest"/>
</testsuite> <!-- com.qa.yatra.tests.SelectBusPageTest -->
