<?xml version="1.0" encoding="UTF-8"?>
<!-- Generated by org.testng.reporters.JUnitReportReporter -->
<testsuite skipped="0" hostname="MacBook-Pro" name="com.qa.yatra.tests.SelectSeatPageTest" tests="1" failures="0" timestamp="04 Feb 2021 22:09:23 GMT" time="2.631" errors="0">
  <testcase name="VerifyselectSeatTest" time="2.631" classname="com.qa.yatra.tests.SelectSeatPageTest"/>
</testsuite> <!-- com.qa.yatra.tests.SelectSeatPageTest -->
