<?xml version="1.0" encoding="UTF-8"?>
<!-- Generated by org.testng.reporters.JUnitReportReporter -->
<testsuite skipped="0" hostname="MacBook-Pro" name="com.qa.yatra.tests.ReviewBookingPageTest" tests="1" failures="0" timestamp="04 Feb 2021 22:27:13 GMT" time="12.331" errors="0">
  <testcase name="verifyreviewBookingTest" time="12.331" classname="com.qa.yatra.tests.ReviewBookingPageTest"/>
</testsuite> <!-- com.qa.yatra.tests.ReviewBookingPageTest -->
